<?xml version="1.0" encoding="UTF-8"?>
<!-- Generated by org.testng.reporters.JUnitXMLReporter -->
<testsuite ignored="0" hostname="DESKTOP-U3JHEJI" failures="0" tests="16" name="Test" time="19.832" errors="0" timestamp="2022-06-14T19:35:30 BRT">
  <testcase classname="com.automacao.test.paranabanco.desafio.Desafio" name="accessandoSite" time="0.203"/>
  <testcase classname="com.automacao.test.paranabanco.desafio.Desafio" name="botaoAzul" time="0.609"/>
  <testcase classname="com.automacao.test.paranabanco.desafio.Desafio" name="botaoVermelha" time="0.522"/>
  <testcase classname="com.automacao.test.paranabanco.desafio.Desafio" name="botaoVerde" time="0.51"/>
  <testcase classname="com.automacao.test.paranabanco.desafio.Desafio" name="clicandoNaBotaoEditDeleteUm" time="0.173"/>
  <testcase classname="com.automacao.test.paranabanco.desafio.Desafio" name="clicandoNaBotaoEditDeleteDois" time="0.167"/>
  <testcase classname="com.automacao.test.paranabanco.desafio.Desafio" name="clicandoNaBotaoEditDeleteTres" time="0.171"/>
  <testcase classname="com.automacao.test.paranabanco.desafio.Desafio" name="clicandoNaBotaoEditDeleteQuatro" time="0.164"/>
  <testcase classname="com.automacao.test.paranabanco.desafio.Desafio" name="clicandoNaBotaoEditDeleteCinco" time="0.162"/>
  <testcase classname="com.automacao.test.paranabanco.desafio.Desafio" name="clicandoNaBotaoEditDeleteSeis" time="0.224"/>
  <testcase classname="com.automacao.test.paranabanco.desafio.Desafio" name="clicandoNaBotaoEditDeleteSete" time="0.172"/>
  <testcase classname="com.automacao.test.paranabanco.desafio.Desafio" name="clicandoNaBotaoEditDeleteOite" time="0.164"/>
  <testcase classname="com.automacao.test.paranabanco.desafio.Desafio" name="clicandoNaBotaoEditDeleteNove" time="0.163"/>
  <testcase classname="com.automacao.test.paranabanco.desafio.Api.Apitest" name="get" time="4.726"/>
  <testcase classname="com.automacao.test.paranabanco.desafio.Api.Apitest" name="postePut" time="0.42"/>
  <testcase classname="com.automacao.test.paranabanco.desafio.Api.Apitest" name="delete" time="0.392"/>
</testsuite> <!-- Test -->
