<?xml version="1.0" encoding="UTF-8"?>
<testng-results ignored="0" total="1" passed="1" failed="0" skipped="0">
  <reporter-output>
  </reporter-output>
  <suite started-at="2022-06-14T21:41:13 BRT" name="Default suite" finished-at="2022-06-14T21:41:26 BRT" duration-ms="12651">
    <groups>
    </groups>
    <test started-at="2022-06-14T21:41:13 BRT" name="Default test" finished-at="2022-06-14T21:41:26 BRT" duration-ms="12651">
      <class name="com.automacao.test.paranabanco.desafio.Api.JsonSchema">
        <test-method signature="test()[pri:0, instance:com.automacao.test.paranabanco.desafio.Api.JsonSchema@38d5b107]" started-at="2022-06-14T21:41:14 BRT" name="test" finished-at="2022-06-14T21:41:26 BRT" duration-ms="12387" status="PASS">
          <reporter-output>
          </reporter-output>
        </test-method> <!-- test -->
      </class> <!-- com.automacao.test.paranabanco.desafio.Api.JsonSchema -->
    </test> <!-- Default test -->
  </suite> <!-- Default suite -->
</testng-results>
